2020-12-27 21:29:43.526 [restartedMain] INFO  com.hjj.springdemo.SpringdemoApplication - Starting SpringdemoApplication on DESKTOP-ABPMFK8 with PID 12244 (F:\workspace\SpringBootDemo\target\classes started by hjj in F:\workspace\SpringBootDemo)
2020-12-27 21:29:43.524 [background-preinit] INFO  org.hibernate.validator.internal.util.Version - HV000001: Hibernate Validator 5.4.1.Final
2020-12-27 21:29:43.546 [restartedMain] INFO  com.hjj.springdemo.SpringdemoApplication - No active profile set, falling back to default profiles: default
2020-12-27 21:29:43.719 [restartedMain] INFO  o.s.b.d.env.DevToolsPropertyDefaultsPostProcessor - Devtools property defaults active! Set 'spring.devtools.add-properties' to 'false' to disable
2020-12-27 21:29:43.720 [restartedMain] INFO  o.s.b.d.env.DevToolsPropertyDefaultsPostProcessor - For additional web related logging consider setting the 'logging.level.web' property to 'DEBUG'
2020-12-27 21:29:49.040 [restartedMain] INFO  o.s.boot.web.embedded.tomcat.TomcatWebServer - Tomcat initialized with port(s): 8080 (http)
2020-12-27 21:29:49.089 [restartedMain] INFO  org.apache.coyote.http11.Http11NioProtocol - Initializing ProtocolHandler ["http-nio-8080"]
2020-12-27 21:29:49.090 [restartedMain] INFO  org.apache.catalina.core.StandardService - Starting service [Tomcat]
2020-12-27 21:29:49.090 [restartedMain] INFO  org.apache.catalina.core.StandardEngine - Starting Servlet engine: [Apache Tomcat/9.0.38]
2020-12-27 21:29:49.603 [restartedMain] INFO  o.a.c.c.ContainerBase.[Tomcat].[localhost].[/demo] - Initializing Spring embedded WebApplicationContext
2020-12-27 21:29:49.604 [restartedMain] INFO  o.s.b.w.s.c.ServletWebServerApplicationContext - Root WebApplicationContext: initialization completed in 5884 ms
2020-12-27 21:29:50.030 [restartedMain] INFO  org.apache.catalina.core.StandardService - Stopping service [Tomcat]
2020-12-27 21:29:50.090 [restartedMain] INFO  o.s.b.a.l.ConditionEvaluationReportLoggingListener - 

Error starting ApplicationContext. To display the conditions report re-run your application with 'debug' enabled.
2020-12-27 21:33:21.871 [background-preinit] INFO  org.hibernate.validator.internal.util.Version - HV000001: Hibernate Validator 5.4.1.Final
2020-12-27 21:33:21.895 [restartedMain] INFO  com.hjj.springdemo.SpringdemoApplication - Starting SpringdemoApplication on DESKTOP-ABPMFK8 with PID 9432 (F:\workspace\SpringBootDemo\target\classes started by hjj in F:\workspace\SpringBootDemo)
2020-12-27 21:33:21.899 [restartedMain] INFO  com.hjj.springdemo.SpringdemoApplication - No active profile set, falling back to default profiles: default
2020-12-27 21:33:22.023 [restartedMain] INFO  o.s.b.d.env.DevToolsPropertyDefaultsPostProcessor - Devtools property defaults active! Set 'spring.devtools.add-properties' to 'false' to disable
2020-12-27 21:33:22.023 [restartedMain] INFO  o.s.b.d.env.DevToolsPropertyDefaultsPostProcessor - For additional web related logging consider setting the 'logging.level.web' property to 'DEBUG'
2020-12-27 21:33:23.977 [restartedMain] INFO  o.s.boot.web.embedded.tomcat.TomcatWebServer - Tomcat initialized with port(s): 8080 (http)
2020-12-27 21:33:23.989 [restartedMain] INFO  org.apache.coyote.http11.Http11NioProtocol - Initializing ProtocolHandler ["http-nio-8080"]
2020-12-27 21:33:23.990 [restartedMain] INFO  org.apache.catalina.core.StandardService - Starting service [Tomcat]
2020-12-27 21:33:23.991 [restartedMain] INFO  org.apache.catalina.core.StandardEngine - Starting Servlet engine: [Apache Tomcat/9.0.38]
2020-12-27 21:33:24.230 [restartedMain] INFO  o.a.c.c.ContainerBase.[Tomcat].[localhost].[/demo] - Initializing Spring embedded WebApplicationContext
2020-12-27 21:33:24.230 [restartedMain] INFO  o.s.b.w.s.c.ServletWebServerApplicationContext - Root WebApplicationContext: initialization completed in 2206 ms
2020-12-27 21:33:24.700 [restartedMain] INFO  com.zaxxer.hikari.HikariDataSource - HikariPool-1 - Starting...
2020-12-27 21:33:27.170 [restartedMain] INFO  org.apache.catalina.core.StandardService - Stopping service [Tomcat]
2020-12-27 21:33:27.198 [restartedMain] INFO  o.s.b.a.l.ConditionEvaluationReportLoggingListener - 

Error starting ApplicationContext. To display the conditions report re-run your application with 'debug' enabled.
2020-12-27 21:34:38.069 [background-preinit] INFO  org.hibernate.validator.internal.util.Version - HV000001: Hibernate Validator 5.4.1.Final
2020-12-27 21:34:38.096 [restartedMain] INFO  com.hjj.springdemo.SpringdemoApplication - Starting SpringdemoApplication on DESKTOP-ABPMFK8 with PID 1188 (F:\workspace\SpringBootDemo\target\classes started by hjj in F:\workspace\SpringBootDemo)
2020-12-27 21:34:38.098 [restartedMain] INFO  com.hjj.springdemo.SpringdemoApplication - No active profile set, falling back to default profiles: default
2020-12-27 21:34:38.250 [restartedMain] INFO  o.s.b.d.env.DevToolsPropertyDefaultsPostProcessor - Devtools property defaults active! Set 'spring.devtools.add-properties' to 'false' to disable
2020-12-27 21:34:38.250 [restartedMain] INFO  o.s.b.d.env.DevToolsPropertyDefaultsPostProcessor - For additional web related logging consider setting the 'logging.level.web' property to 'DEBUG'
2020-12-27 21:34:40.212 [restartedMain] INFO  o.s.boot.web.embedded.tomcat.TomcatWebServer - Tomcat initialized with port(s): 8080 (http)
2020-12-27 21:34:40.221 [restartedMain] INFO  org.apache.coyote.http11.Http11NioProtocol - Initializing ProtocolHandler ["http-nio-8080"]
2020-12-27 21:34:40.223 [restartedMain] INFO  org.apache.catalina.core.StandardService - Starting service [Tomcat]
2020-12-27 21:34:40.223 [restartedMain] INFO  org.apache.catalina.core.StandardEngine - Starting Servlet engine: [Apache Tomcat/9.0.38]
2020-12-27 21:34:40.433 [restartedMain] INFO  o.a.c.c.ContainerBase.[Tomcat].[localhost].[/demo] - Initializing Spring embedded WebApplicationContext
2020-12-27 21:34:40.433 [restartedMain] INFO  o.s.b.w.s.c.ServletWebServerApplicationContext - Root WebApplicationContext: initialization completed in 2181 ms
2020-12-27 21:34:40.667 [restartedMain] INFO  com.zaxxer.hikari.HikariDataSource - HikariPool-1 - Starting...
2020-12-27 21:34:42.261 [restartedMain] INFO  com.zaxxer.hikari.HikariDataSource - HikariPool-1 - Start completed.
2020-12-27 21:34:43.557 [restartedMain] INFO  o.s.scheduling.concurrent.ThreadPoolTaskExecutor - Initializing ExecutorService 'applicationTaskExecutor'
2020-12-27 21:34:45.152 [restartedMain] INFO  o.s.b.d.autoconfigure.OptionalLiveReloadServer - LiveReload server is running on port 35729
2020-12-27 21:34:45.182 [restartedMain] INFO  org.apache.coyote.http11.Http11NioProtocol - Starting ProtocolHandler ["http-nio-8080"]
2020-12-27 21:34:45.256 [restartedMain] INFO  o.s.boot.web.embedded.tomcat.TomcatWebServer - Tomcat started on port(s): 8080 (http) with context path '/demo'
2020-12-27 21:34:45.272 [restartedMain] INFO  com.hjj.springdemo.SpringdemoApplication - Started SpringdemoApplication in 8.83 seconds (JVM running for 10.846)
2020-12-27 21:36:11.325 [background-preinit] INFO  org.hibernate.validator.internal.util.Version - HV000001: Hibernate Validator 5.4.1.Final
2020-12-27 21:36:11.338 [restartedMain] INFO  com.hjj.springdemo.SpringdemoApplication - Starting SpringdemoApplication on DESKTOP-ABPMFK8 with PID 13160 (F:\workspace\SpringBootDemo\target\classes started by hjj in F:\workspace\SpringBootDemo)
2020-12-27 21:36:11.341 [restartedMain] INFO  com.hjj.springdemo.SpringdemoApplication - No active profile set, falling back to default profiles: default
2020-12-27 21:36:11.473 [restartedMain] INFO  o.s.b.d.env.DevToolsPropertyDefaultsPostProcessor - Devtools property defaults active! Set 'spring.devtools.add-properties' to 'false' to disable
2020-12-27 21:36:11.476 [restartedMain] INFO  o.s.b.d.env.DevToolsPropertyDefaultsPostProcessor - For additional web related logging consider setting the 'logging.level.web' property to 'DEBUG'
2020-12-27 21:36:14.086 [restartedMain] INFO  o.s.boot.web.embedded.tomcat.TomcatWebServer - Tomcat initialized with port(s): 8080 (http)
2020-12-27 21:36:14.098 [restartedMain] INFO  org.apache.coyote.http11.Http11NioProtocol - Initializing ProtocolHandler ["http-nio-8080"]
2020-12-27 21:36:14.098 [restartedMain] INFO  org.apache.catalina.core.StandardService - Starting service [Tomcat]
2020-12-27 21:36:14.099 [restartedMain] INFO  org.apache.catalina.core.StandardEngine - Starting Servlet engine: [Apache Tomcat/9.0.38]
2020-12-27 21:36:14.222 [restartedMain] INFO  o.a.c.core.ContainerBase.[Tomcat].[localhost].[/] - Initializing Spring embedded WebApplicationContext
2020-12-27 21:36:14.222 [restartedMain] INFO  o.s.b.w.s.c.ServletWebServerApplicationContext - Root WebApplicationContext: initialization completed in 2744 ms
2020-12-27 21:36:14.500 [restartedMain] INFO  com.zaxxer.hikari.HikariDataSource - HikariPool-1 - Starting...
2020-12-27 21:36:14.670 [restartedMain] INFO  com.zaxxer.hikari.HikariDataSource - HikariPool-1 - Start completed.
2020-12-27 21:36:15.494 [restartedMain] INFO  o.s.scheduling.concurrent.ThreadPoolTaskExecutor - Initializing ExecutorService 'applicationTaskExecutor'
2020-12-27 21:36:16.371 [restartedMain] INFO  o.s.b.d.autoconfigure.OptionalLiveReloadServer - LiveReload server is running on port 35729
2020-12-27 21:36:16.411 [restartedMain] INFO  org.apache.coyote.http11.Http11NioProtocol - Starting ProtocolHandler ["http-nio-8080"]
2020-12-27 21:36:16.445 [restartedMain] INFO  o.s.boot.web.embedded.tomcat.TomcatWebServer - Tomcat started on port(s): 8080 (http) with context path ''
2020-12-27 21:36:16.461 [restartedMain] INFO  com.hjj.springdemo.SpringdemoApplication - Started SpringdemoApplication in 6.384 seconds (JVM running for 8.512)
2020-12-27 21:37:05.820 [http-nio-8080-exec-1] INFO  o.a.c.core.ContainerBase.[Tomcat].[localhost].[/] - Initializing Spring DispatcherServlet 'dispatcherServlet'
2020-12-27 21:37:05.820 [http-nio-8080-exec-1] INFO  org.springframework.web.servlet.DispatcherServlet - Initializing Servlet 'dispatcherServlet'
2020-12-27 21:37:05.847 [http-nio-8080-exec-1] INFO  org.springframework.web.servlet.DispatcherServlet - Completed initialization in 27 ms
2020-12-27 21:46:24.430 [restartedMain] INFO  com.hjj.springdemo.SpringdemoApplication - Starting SpringdemoApplication on DESKTOP-ABPMFK8 with PID 12712 (F:\workspace\SpringBootDemo\target\classes started by hjj in F:\workspace\SpringBootDemo)
2020-12-27 21:46:24.438 [restartedMain] INFO  com.hjj.springdemo.SpringdemoApplication - No active profile set, falling back to default profiles: default
2020-12-27 21:46:24.478 [background-preinit] INFO  org.hibernate.validator.internal.util.Version - HV000001: Hibernate Validator 5.4.1.Final
2020-12-27 21:46:24.586 [restartedMain] INFO  o.s.b.d.env.DevToolsPropertyDefaultsPostProcessor - Devtools property defaults active! Set 'spring.devtools.add-properties' to 'false' to disable
2020-12-27 21:46:24.587 [restartedMain] INFO  o.s.b.d.env.DevToolsPropertyDefaultsPostProcessor - For additional web related logging consider setting the 'logging.level.web' property to 'DEBUG'
2020-12-27 21:46:26.813 [restartedMain] INFO  o.s.boot.web.embedded.tomcat.TomcatWebServer - Tomcat initialized with port(s): 8080 (http)
2020-12-27 21:46:26.828 [restartedMain] INFO  org.apache.coyote.http11.Http11NioProtocol - Initializing ProtocolHandler ["http-nio-8080"]
2020-12-27 21:46:26.829 [restartedMain] INFO  org.apache.catalina.core.StandardService - Starting service [Tomcat]
2020-12-27 21:46:26.829 [restartedMain] INFO  org.apache.catalina.core.StandardEngine - Starting Servlet engine: [Apache Tomcat/9.0.38]
2020-12-27 21:46:26.968 [restartedMain] INFO  o.a.c.core.ContainerBase.[Tomcat].[localhost].[/] - Initializing Spring embedded WebApplicationContext
2020-12-27 21:46:26.969 [restartedMain] INFO  o.s.b.w.s.c.ServletWebServerApplicationContext - Root WebApplicationContext: initialization completed in 2380 ms
2020-12-27 21:46:27.319 [restartedMain] INFO  com.zaxxer.hikari.HikariDataSource - HikariPool-1 - Starting...
2020-12-27 21:46:27.487 [restartedMain] INFO  com.zaxxer.hikari.HikariDataSource - HikariPool-1 - Start completed.
2020-12-27 21:46:28.429 [restartedMain] INFO  o.s.scheduling.concurrent.ThreadPoolTaskExecutor - Initializing ExecutorService 'applicationTaskExecutor'
2020-12-27 21:46:29.250 [restartedMain] INFO  o.s.b.d.autoconfigure.OptionalLiveReloadServer - LiveReload server is running on port 35729
2020-12-27 21:46:29.311 [restartedMain] INFO  org.apache.coyote.http11.Http11NioProtocol - Starting ProtocolHandler ["http-nio-8080"]
2020-12-27 21:46:29.353 [restartedMain] INFO  o.s.boot.web.embedded.tomcat.TomcatWebServer - Tomcat started on port(s): 8080 (http) with context path ''
2020-12-27 21:46:29.379 [restartedMain] INFO  com.hjj.springdemo.SpringdemoApplication - Started SpringdemoApplication in 6.673 seconds (JVM running for 9.728)
2020-12-27 21:50:00.257 [http-nio-8080-exec-1] INFO  o.a.c.core.ContainerBase.[Tomcat].[localhost].[/] - Initializing Spring DispatcherServlet 'dispatcherServlet'
2020-12-27 21:50:00.258 [http-nio-8080-exec-1] INFO  org.springframework.web.servlet.DispatcherServlet - Initializing Servlet 'dispatcherServlet'
2020-12-27 21:50:00.272 [http-nio-8080-exec-1] INFO  org.springframework.web.servlet.DispatcherServlet - Completed initialization in 14 ms
2020-12-27 21:50:32.999 [http-nio-8080-exec-5] INFO  com.hjj.springdemo.service.impl.MailServiceImpl - 发送邮件成功：346484458@qq.com-->346484458@qq.com
